<?xml version="1.0" encoding="UTF-8"?>
<!-- Generated by org.testng.reporters.JUnitXMLReporter -->
<testsuite ignored="0" hostname="Atish" failures="0" tests="5" name="Default test" time="8.412" errors="0" timestamp="2024-08-15T00:26:53 IST">
  <testcase classname="api.test.Pet_Test" name="createpetentry" time="3.252"/>
  <testcase classname="api.test.Pet_Test" name="retrieve_pet_details" time="1.079"/>
  <testcase classname="api.test.Pet_Test" name="update_pet_details" time="1.158"/>
  <testcase classname="api.test.Pet_Test" name="retrieve_pet_details_after_update" time="1.07"/>
  <testcase classname="api.test.Pet_Test" name="delete_pet_details" time="1.077"/>
</testsuite> <!-- Default test -->
