<?xml version="1.0" encoding="UTF-8"?>
<!-- Generated by org.testng.reporters.JUnitXMLReporter -->
<testsuite ignored="0" hostname="Atish" failures="0" tests="9" name="Test" time="14.9" errors="0" timestamp="2024-08-15T01:18:05 IST">
  <testcase classname="api.test.Pet_Test" name="createpetentry" time="3.576"/>
  <testcase classname="api.test.Pet_Test" name="retrieve_pet_details" time="1.026"/>
  <testcase classname="api.test.Pet_Test" name="update_pet_details" time="1.157"/>
  <testcase classname="api.test.Pet_Test" name="retrieve_pet_details_after_update" time="1.059"/>
  <testcase classname="api.test.Pet_Test" name="delete_pet_details" time="1.082"/>
  <testcase classname="api.test.User_Tests" name="testposuser" time="1.426"/>
  <testcase classname="api.test.User_Tests" name="testgetuserbyName" time="1.022"/>
  <testcase classname="api.test.User_Tests" name="testupdateUserByName" time="2.111"/>
  <testcase classname="api.test.User_Tests" name="testdeleteuserByName" time="1.026"/>
</testsuite> <!-- Test -->
