<?xml version="1.0" encoding="UTF-8"?>
<testng-results ignored="0" total="9" passed="9" failed="0" skipped="0">
  <reporter-output>
  </reporter-output>
  <suite started-at="2024-08-15T01:17:50 IST" name="Suite" finished-at="2024-08-15T01:18:05 IST" duration-ms="14900">
    <groups>
    </groups>
    <test started-at="2024-08-15T01:17:50 IST" name="Test" finished-at="2024-08-15T01:18:05 IST" duration-ms="14900">
      <class name="api.test.User_Tests">
        <test-method is-config="true" signature="SetupData()[pri:0, instance:api.test.User_Tests@77f1baf5]" started-at="2024-08-15T01:17:59 IST" name="SetupData" finished-at="2024-08-15T01:17:59 IST" duration-ms="222" status="PASS">
          <reporter-output>
          </reporter-output>
        </test-method> <!-- SetupData -->
        <test-method signature="testposuser()[pri:1, instance:api.test.User_Tests@77f1baf5]" started-at="2024-08-15T01:17:59 IST" name="testposuser" finished-at="2024-08-15T01:18:01 IST" duration-ms="1426" status="PASS">
          <reporter-output>
          </reporter-output>
        </test-method> <!-- testposuser -->
        <test-method signature="testgetuserbyName()[pri:2, instance:api.test.User_Tests@77f1baf5]" started-at="2024-08-15T01:18:01 IST" name="testgetuserbyName" finished-at="2024-08-15T01:18:02 IST" duration-ms="1022" status="PASS">
          <reporter-output>
          </reporter-output>
        </test-method> <!-- testgetuserbyName -->
        <test-method signature="testupdateUserByName()[pri:3, instance:api.test.User_Tests@77f1baf5]" started-at="2024-08-15T01:18:02 IST" name="testupdateUserByName" finished-at="2024-08-15T01:18:04 IST" duration-ms="2111" status="PASS">
          <reporter-output>
          </reporter-output>
        </test-method> <!-- testupdateUserByName -->
        <test-method signature="testdeleteuserByName()[pri:4, instance:api.test.User_Tests@77f1baf5]" started-at="2024-08-15T01:18:04 IST" name="testdeleteuserByName" finished-at="2024-08-15T01:18:05 IST" duration-ms="1026" status="PASS">
          <reporter-output>
          </reporter-output>
        </test-method> <!-- testdeleteuserByName -->
      </class> <!-- api.test.User_Tests -->
      <class name="api.test.Pet_Test">
        <test-method is-config="true" signature="setup()[pri:0, instance:api.test.Pet_Test@1e800aaa]" started-at="2024-08-15T01:17:50 IST" name="setup" finished-at="2024-08-15T01:17:51 IST" duration-ms="802" status="PASS">
          <reporter-output>
          </reporter-output>
        </test-method> <!-- setup -->
        <test-method signature="createpetentry()[pri:1, instance:api.test.Pet_Test@1e800aaa]" started-at="2024-08-15T01:17:51 IST" name="createpetentry" finished-at="2024-08-15T01:17:55 IST" duration-ms="3576" status="PASS">
          <reporter-output>
          </reporter-output>
        </test-method> <!-- createpetentry -->
        <test-method signature="retrieve_pet_details()[pri:2, instance:api.test.Pet_Test@1e800aaa]" started-at="2024-08-15T01:17:55 IST" name="retrieve_pet_details" finished-at="2024-08-15T01:17:56 IST" duration-ms="1026" status="PASS">
          <reporter-output>
          </reporter-output>
        </test-method> <!-- retrieve_pet_details -->
        <test-method is-config="true" signature="setup()[pri:0, instance:api.test.Pet_Test@1e800aaa]" started-at="2024-08-15T01:17:55 IST" name="setup" finished-at="2024-08-15T01:17:55 IST" duration-ms="0" status="PASS">
          <reporter-output>
          </reporter-output>
        </test-method> <!-- setup -->
        <test-method signature="update_pet_details()[pri:3, instance:api.test.Pet_Test@1e800aaa]" started-at="2024-08-15T01:17:56 IST" name="update_pet_details" finished-at="2024-08-15T01:17:57 IST" duration-ms="1157" status="PASS">
          <reporter-output>
          </reporter-output>
        </test-method> <!-- update_pet_details -->
        <test-method is-config="true" signature="setup()[pri:0, instance:api.test.Pet_Test@1e800aaa]" started-at="2024-08-15T01:17:56 IST" name="setup" finished-at="2024-08-15T01:17:56 IST" duration-ms="0" status="PASS">
          <reporter-output>
          </reporter-output>
        </test-method> <!-- setup -->
        <test-method signature="retrieve_pet_details_after_update()[pri:4, instance:api.test.Pet_Test@1e800aaa]" started-at="2024-08-15T01:17:57 IST" name="retrieve_pet_details_after_update" finished-at="2024-08-15T01:17:58 IST" duration-ms="1059" status="PASS">
          <reporter-output>
          </reporter-output>
        </test-method> <!-- retrieve_pet_details_after_update -->
        <test-method is-config="true" signature="setup()[pri:0, instance:api.test.Pet_Test@1e800aaa]" started-at="2024-08-15T01:17:57 IST" name="setup" finished-at="2024-08-15T01:17:57 IST" duration-ms="0" status="PASS">
          <reporter-output>
          </reporter-output>
        </test-method> <!-- setup -->
        <test-method signature="delete_pet_details()[pri:5, instance:api.test.Pet_Test@1e800aaa]" started-at="2024-08-15T01:17:58 IST" name="delete_pet_details" finished-at="2024-08-15T01:17:59 IST" duration-ms="1082" status="PASS">
          <reporter-output>
          </reporter-output>
        </test-method> <!-- delete_pet_details -->
        <test-method is-config="true" signature="setup()[pri:0, instance:api.test.Pet_Test@1e800aaa]" started-at="2024-08-15T01:17:58 IST" name="setup" finished-at="2024-08-15T01:17:58 IST" duration-ms="0" status="PASS">
          <reporter-output>
          </reporter-output>
        </test-method> <!-- setup -->
      </class> <!-- api.test.Pet_Test -->
    </test> <!-- Test -->
  </suite> <!-- Suite -->
</testng-results>
