<?xml version="1.0" encoding="UTF-8"?>
<testsuite xmlns:xsi="http://www.w3.org/2001/XMLSchema-instance" xsi:noNamespaceSchemaLocation="https://maven.apache.org/surefire/maven-surefire-plugin/xsd/surefire-test-report.xsd" version="3.0.2" name="TestSuite" time="16.021" tests="9" errors="0" skipped="0" failures="0">
  <properties>
[...]
</properties>
  <testcase name="createpetentry" classname="api.test.Pet_Test" time="3.59">
    <system-out><![CDATA[HTTP/1.1 200 OK
Date: Wed, 14 Aug 2024 19:47:53 GMT
Content-Type: application/xml
Content-Length: 196
Connection: keep-alive
Access-Control-Allow-Origin: *
Access-Control-Allow-Methods: GET, POST, DELETE, PUT
Access-Control-Allow-Headers: Content-Type, api_key, Authorization
Server: Jetty(9.2.9.v20150224)

<Pet>
  <id>9223372036854771629</id>
  <name>Tommy</name>
  <photoUrls>
    <photoUrl>www.com</photoUrl>
  </photoUrls>
  <status>available</status>
  <tags/>
</Pet>
Response time :1864
]]></system-out>
    <system-err><![CDATA[SLF4J: Failed to load class "org.slf4j.impl.StaticLoggerBinder".
SLF4J: Defaulting to no-operation (NOP) logger implementation
SLF4J: See http://www.slf4j.org/codes.html#StaticLoggerBinder for further details.
]]></system-err>
  </testcase>
  <testcase name="retrieve_pet_details" classname="api.test.Pet_Test" time="1.026">
    <system-out><![CDATA[Response time :1001
HTTP/1.1 200 OK
Date: Wed, 14 Aug 2024 19:47:55 GMT
Content-Type: application/xml
Content-Length: 140
Connection: keep-alive
Access-Control-Allow-Origin: *
Access-Control-Allow-Methods: GET, POST, DELETE, PUT
Access-Control-Allow-Headers: Content-Type, api_key, Authorization
Server: Jetty(9.2.9.v20150224)

<apiResponse>
  <message>9223372036854771629</message>
  <type>unknown</type>
</apiResponse>
]]></system-out>
  </testcase>
  <testcase name="update_pet_details" classname="api.test.Pet_Test" time="1.159">
    <system-out><![CDATA[Modified XML:
<?xml version="1.0" encoding="UTF-8" standalone="no"?><Pet>
	<id>9223372036854771629</id>
	<Category>
		<id>125</id>
		<name>Barking</name>
	</Category>
	<name>Prashant</name>
	<photoUrls>
		<photoUrl>www.com</photoUrl>
	</photoUrls>
	<tags>
		<Tag>
			<id>0</id>
			<name>string</name>
		</Tag>
	</tags>
	<status>Unavailable</status>
</Pet>
Response time :1069
HTTP/1.1 200 OK
Date: Wed, 14 Aug 2024 19:47:56 GMT
Content-Type: application/xml
Content-Length: 201
Connection: keep-alive
Access-Control-Allow-Origin: *
Access-Control-Allow-Methods: GET, POST, DELETE, PUT
Access-Control-Allow-Headers: Content-Type, api_key, Authorization
Server: Jetty(9.2.9.v20150224)

<Pet>
  <id>9223372036854771629</id>
  <name>Prashant</name>
  <photoUrls>
    <photoUrl>www.com</photoUrl>
  </photoUrls>
  <status>Unavailable</status>
  <tags/>
</Pet>
]]></system-out>
  </testcase>
  <testcase name="retrieve_pet_details_after_update" classname="api.test.Pet_Test" time="1.059">
    <system-out><![CDATA[Response time :1052
HTTP/1.1 200 OK
Date: Wed, 14 Aug 2024 19:47:58 GMT
Content-Type: application/xml
Content-Length: 140
Connection: keep-alive
Access-Control-Allow-Origin: *
Access-Control-Allow-Methods: GET, POST, DELETE, PUT
Access-Control-Allow-Headers: Content-Type, api_key, Authorization
Server: Jetty(9.2.9.v20150224)

<apiResponse>
  <message>9223372036854771629</message>
  <type>unknown</type>
</apiResponse>
]]></system-out>
  </testcase>
  <testcase name="delete_pet_details" classname="api.test.Pet_Test" time="1.089">
    <system-out><![CDATA[Response time :1059
HTTP/1.1 200 OK
Date: Wed, 14 Aug 2024 19:47:59 GMT
Content-Type: application/xml
Content-Length: 140
Connection: keep-alive
Access-Control-Allow-Origin: *
Access-Control-Allow-Methods: GET, POST, DELETE, PUT
Access-Control-Allow-Headers: Content-Type, api_key, Authorization
Server: Jetty(9.2.9.v20150224)

<apiResponse>
  <message>9223372036854771629</message>
  <type>unknown</type>
</apiResponse>
]]></system-out>
  </testcase>
  <testcase name="testposuser" classname="api.test.User_Tests" time="1.441">
    <system-out><![CDATA[HTTP/1.1 200 OK
Date: Wed, 14 Aug 2024 19:48:00 GMT
Content-Type: application/json
Transfer-Encoding: chunked
Connection: keep-alive
Access-Control-Allow-Origin: *
Access-Control-Allow-Methods: GET, POST, DELETE, PUT
Access-Control-Allow-Headers: Content-Type, api_key, Authorization
Server: Jetty(9.2.9.v20150224)

{
    "code": 200,
    "type": "unknown",
    "message": "521611410"
}
]]></system-out>
  </testcase>
  <testcase name="testgetuserbyName" classname="api.test.User_Tests" time="1.014">
    <system-out><![CDATA[Atish
Shante
HTTP/1.1 200 OK
Date: Wed, 14 Aug 2024 19:48:01 GMT
Content-Type: application/json
Transfer-Encoding: chunked
Connection: keep-alive
Access-Control-Allow-Origin: *
Access-Control-Allow-Methods: GET, POST, DELETE, PUT
Access-Control-Allow-Headers: Content-Type, api_key, Authorization
Server: Jetty(9.2.9.v20150224)

{
    "id": 521611410,
    "username": "Atish",
    "email": "angel.dickinson@example.com",
    "password": "c3ekn",
    "phone": "361-347-0662",
    "userStatus": 0
}
]]></system-out>
  </testcase>
  <testcase name="testupdateUserByName" classname="api.test.User_Tests" time="2.114">
    <system-out><![CDATA[HTTP/1.1 200 OK
Date: Wed, 14 Aug 2024 19:48:02 GMT
Content-Type: application/json
Transfer-Encoding: chunked
Connection: keep-alive
Access-Control-Allow-Origin: *
Access-Control-Allow-Methods: GET, POST, DELETE, PUT
Access-Control-Allow-Headers: Content-Type, api_key, Authorization
Server: Jetty(9.2.9.v20150224)

{
    "code": 200,
    "type": "unknown",
    "message": "521611410"
}
HTTP/1.1 200 OK
Date: Wed, 14 Aug 2024 19:48:03 GMT
Content-Type: application/json
Transfer-Encoding: chunked
Connection: keep-alive
Access-Control-Allow-Origin: *
Access-Control-Allow-Methods: GET, POST, DELETE, PUT
Access-Control-Allow-Headers: Content-Type, api_key, Authorization
Server: Jetty(9.2.9.v20150224)

{
    "id": 521611410,
    "username": "Atish",
    "email": "marylouise.mitchell@example.com",
    "password": "wgg985i",
    "phone": "515-797-4448",
    "userStatus": 0
}
]]></system-out>
  </testcase>
  <testcase name="testdeleteuserByName" classname="api.test.User_Tests" time="1.029">
    <system-out><![CDATA[HTTP/1.1 200 OK
Date: Wed, 14 Aug 2024 19:48:04 GMT
Content-Type: application/json
Transfer-Encoding: chunked
Connection: keep-alive
Access-Control-Allow-Origin: *
Access-Control-Allow-Methods: GET, POST, DELETE, PUT
Access-Control-Allow-Headers: Content-Type, api_key, Authorization
Server: Jetty(9.2.9.v20150224)

{
    "code": 200,
    "type": "unknown",
    "message": "Atish"
}
]]></system-out>
  </testcase>
</testsuite>